apps/mobile/modules/orbit-widget/android/build/intermediates/manifest_merge_blame_file/debug/processDebugManifest/manifest-merger-blame-debug-report.txt
1<?xml version="1.0" encoding="utf-8"?>
2<manifest xmlns:android="http://schemas.android.com/apk/res/android"
3    package="org.useorbit.app.widget" >
4
5    <uses-sdk android:minSdkVersion="24" />
6
7    <uses-permission android:name="android.permission.INTERNET" />
7-->src\main\AndroidManifest.xml:2:3-65
7-->src\main\AndroidManifest.xml:2:20-62
8    <uses-permission android:name="android.permission.RECEIVE_BOOT_COMPLETED" />
8-->src\main\AndroidManifest.xml:3:3-79
8-->src\main\AndroidManifest.xml:3:20-76
9
10    <application>
10-->src\main\AndroidManifest.xml:5:3-24:17
11        <receiver
11-->src\main\AndroidManifest.xml:6:5-18:16
12            android:name="org.useorbit.app.widget.OrbitWidgetProvider"
12-->src\main\AndroidManifest.xml:7:7-42
13            android:exported="true" >
13-->src\main\AndroidManifest.xml:8:7-30
14            <intent-filter>
14-->src\main\AndroidManifest.xml:9:7-11:23
15                <action android:name="android.appwidget.action.APPWIDGET_UPDATE" />
15-->src\main\AndroidManifest.xml:10:9-76
15-->src\main\AndroidManifest.xml:10:17-73
16            </intent-filter>
17            <intent-filter>
17-->src\main\AndroidManifest.xml:12:7-14:23
18                <action android:name="org.useorbit.app.widget.ACTION_REFRESH" />
18-->src\main\AndroidManifest.xml:13:9-73
18-->src\main\AndroidManifest.xml:13:17-70
19            </intent-filter>
20
21            <meta-data
21-->src\main\AndroidManifest.xml:15:7-17:53
22                android:name="android.appwidget.provider"
22-->src\main\AndroidManifest.xml:16:9-50
23                android:resource="@xml/orbit_widget_info" />
23-->src\main\AndroidManifest.xml:17:9-50
24        </receiver>
25
26        <service
26-->src\main\AndroidManifest.xml:20:5-23:66
27            android:name="org.useorbit.app.widget.OrbitWidgetService"
27-->src\main\AndroidManifest.xml:21:7-41
28            android:exported="false"
28-->src\main\AndroidManifest.xml:22:7-31
29            android:permission="android.permission.BIND_REMOTEVIEWS" />
29-->src\main\AndroidManifest.xml:23:7-63
30    </application>
31
32</manifest>